#
# There is insufficient memory for the Java Runtime Environment to continue.
# Cannot create GC thread. Out of system resources.
# Possible reasons:
#   The system is out of physical RAM or swap space
#   In 32 bit mode, the process size limit was hit
# Possible solutions:
#   Reduce memory load on the system
#   Increase physical memory or swap space
#   Check if swap backing store is full
#   Use 64 bit Java on a 64 bit OS
#   Decrease Java heap size (-Xmx/-Xms)
#   Decrease number of Java threads
#   Decrease Java thread stack sizes (-Xss)
#   Set larger code cache with -XX:ReservedCodeCacheSize=
# This output file may be truncated or incomplete.
#
#  Out of Memory Error (gcTaskThread.cpp:46), pid=8676, tid=139692476671744
#
# JRE version:  (7.0_67-b01) (build )
# Java VM: Java HotSpot(TM) 64-Bit Server VM (24.65-b04 mixed mode linux-amd64 compressed oops)
# Failed to write core dump. Core dumps have been disabled. To enable core dumping, try "ulimit -c unlimited" before starting Java again
#

---------------  T H R E A D  ---------------

Current thread (0x00007f0cac008800):  JavaThread "Unknown thread" [_thread_in_vm, id=8678, stack(0x00007f0cb0632000,0x00007f0cb0733000)]

Stack: [0x00007f0cb0632000,0x00007f0cb0733000],  sp=0x00007f0cb07315a0,  free space=1021k
Native frames: (J=compiled Java code, j=interpreted, Vv=VM code, C=native code)
V  [libjvm.so+0x99eb8a]  VMError::report_and_die()+0x2ea
V  [libjvm.so+0x49721b]  report_vm_out_of_memory(char const*, int, unsigned long, char const*)+0x9b
V  [libjvm.so+0x5573ca]  GCTaskThread::GCTaskThread(GCTaskManager*, unsigned int, unsigned int)+0x11a
V  [libjvm.so+0x556948]  GCTaskManager::initialize()+0x2b8
V  [libjvm.so+0x83ea08]  ParallelScavengeHeap::initialize()+0x6f8
V  [libjvm.so+0x971dba]  Universe::initialize_heap()+0xca
V  [libjvm.so+0x972f89]  universe_init()+0x79
V  [libjvm.so+0x5b09f5]  init_globals()+0x65
V  [libjvm.so+0x95a8ed]  Threads::create_vm(JavaVMInitArgs*, bool*)+0x1ed
V  [libjvm.so+0x638a34]  JNI_CreateJavaVM+0x74
C  [libjli.so+0x2f8e]  JavaMain+0x9e


---------------  P R O C E S S  ---------------

Java Threads: ( => current thread )

Other Threads:

=>0x00007f0cac008800 (exited) JavaThread "Unknown thread" [_thread_in_vm, id=8678, stack(0x00007f0cb0632000,0x00007f0cb0733000)]

VM state:not at safepoint (not fully initialized)

VM Mutex/Monitor currently owned by a thread: None

GC Heap History (0 events):
No events

Deoptimization events (0 events):
No events

Internal exceptions (0 events):
No events

Events (0 events):
No events


Dynamic libraries:
00400000-00401000 r-xp 00000000 fd:00 1324453                            /usr/java/jdk1.7.0_67/bin/java
00600000-00601000 rw-p 00000000 fd:00 1324453                            /usr/java/jdk1.7.0_67/bin/java
00f40000-00f61000 rw-p 00000000 00:00 0                                  [heap]
57ae00000-57c300000 rw-p 00000000 00:00 0 
57c300000-580000000 rw-p 00000000 00:00 0 
580000000-58a600000 rw-p 00000000 00:00 0 
58a600000-72aa80000 rw-p 00000000 00:00 0 
72aa80000-72fe00000 rw-p 00000000 00:00 0 
72fe00000-800000000 rw-p 00000000 00:00 0 
386e000000-386e020000 r-xp 00000000 fd:00 544641                         /usr/lib64/ld-2.18.so
386e21f000-386e220000 r--p 0001f000 fd:00 544641                         /usr/lib64/ld-2.18.so
386e220000-386e221000 rw-p 00020000 fd:00 544641                         /usr/lib64/ld-2.18.so
386e221000-386e222000 rw-p 00000000 00:00 0 
386e400000-386e5b4000 r-xp 00000000 fd:00 545284                         /usr/lib64/libc-2.18.so
386e5b4000-386e7b3000 ---p 001b4000 fd:00 545284                         /usr/lib64/libc-2.18.so
386e7b3000-386e7b7000 r--p 001b3000 fd:00 545284                         /usr/lib64/libc-2.18.so
386e7b7000-386e7b9000 rw-p 001b7000 fd:00 545284                         /usr/lib64/libc-2.18.so
386e7b9000-386e7be000 rw-p 00000000 00:00 0 
386e800000-386e818000 r-xp 00000000 fd:00 545288                         /usr/lib64/libpthread-2.18.so
386e818000-386ea17000 ---p 00018000 fd:00 545288                         /usr/lib64/libpthread-2.18.so
386ea17000-386ea18000 r--p 00017000 fd:00 545288                         /usr/lib64/libpthread-2.18.so
386ea18000-386ea19000 rw-p 00018000 fd:00 545288                         /usr/lib64/libpthread-2.18.so
386ea19000-386ea1d000 rw-p 00000000 00:00 0 
386ec00000-386ec03000 r-xp 00000000 fd:00 531155                         /usr/lib64/libdl-2.18.so
386ec03000-386ee02000 ---p 00003000 fd:00 531155                         /usr/lib64/libdl-2.18.so
386ee02000-386ee03000 r--p 00002000 fd:00 531155                         /usr/lib64/libdl-2.18.so
386ee03000-386ee04000 rw-p 00003000 fd:00 531155                         /usr/lib64/libdl-2.18.so
386f000000-386f105000 r-xp 00000000 fd:00 545292                         /usr/lib64/libm-2.18.so
386f105000-386f305000 ---p 00105000 fd:00 545292                         /usr/lib64/libm-2.18.so
386f305000-386f306000 r--p 00105000 fd:00 545292                         /usr/lib64/libm-2.18.so
386f306000-386f307000 rw-p 00106000 fd:00 545292                         /usr/lib64/libm-2.18.so
3870400000-3870407000 r-xp 00000000 fd:00 545304                         /usr/lib64/librt-2.18.so
3870407000-3870606000 ---p 00007000 fd:00 545304                         /usr/lib64/librt-2.18.so
3870606000-3870607000 r--p 00006000 fd:00 545304                         /usr/lib64/librt-2.18.so
3870607000-3870608000 rw-p 00007000 fd:00 545304                         /usr/lib64/librt-2.18.so
7f0ca6812000-7f0ca6aac000 rw-p 00000000 00:00 0 
7f0ca6aac000-7f0ca77af000 rw-p 00000000 00:00 0 
7f0ca77af000-7f0ca77ba000 rw-p 00000000 00:00 0 
7f0ca77ba000-7f0ca77d8000 rw-p 00000000 00:00 0 
7f0ca77d8000-7f0ca782b000 rw-p 00000000 00:00 0 
7f0ca782b000-7f0ca852d000 rw-p 00000000 00:00 0 
7f0ca852d000-7f0ca8557000 rw-p 00000000 00:00 0 
7f0ca8557000-7f0ca8bd8000 rw-p 00000000 00:00 0 
7f0ca8bd8000-7f0ca8bd9000 rw-p 00000000 00:00 0 
7f0ca8bd9000-7f0ca8e49000 rwxp 00000000 00:00 0 
7f0ca8e49000-7f0cabbd9000 rw-p 00000000 00:00 0 
7f0cabbd9000-7f0cabbf3000 r-xp 00000000 fd:00 1324628                    /usr/java/jdk1.7.0_67/jre/lib/amd64/libzip.so
7f0cabbf3000-7f0cabdf3000 ---p 0001a000 fd:00 1324628                    /usr/java/jdk1.7.0_67/jre/lib/amd64/libzip.so
7f0cabdf3000-7f0cabdf4000 rw-p 0001a000 fd:00 1324628                    /usr/java/jdk1.7.0_67/jre/lib/amd64/libzip.so
7f0cabdf4000-7f0cabdff000 r-xp 00000000 fd:00 526322                     /usr/lib64/libnss_files-2.18.so
7f0cabdff000-7f0cabffe000 ---p 0000b000 fd:00 526322                     /usr/lib64/libnss_files-2.18.so
7f0cabffe000-7f0cabfff000 r--p 0000a000 fd:00 526322                     /usr/lib64/libnss_files-2.18.so
7f0cabfff000-7f0cac000000 rw-p 0000b000 fd:00 526322                     /usr/lib64/libnss_files-2.18.so
7f0cac000000-7f0cac029000 rw-p 00000000 00:00 0 
7f0cac029000-7f0cb0000000 ---p 00000000 00:00 0 
7f0cb000f000-7f0cb0010000 ---p 00000000 00:00 0 
7f0cb0010000-7f0cb011b000 rw-p 00000000 00:00 0 
7f0cb011b000-7f0cb0139000 rw-p 00000000 00:00 0 
7f0cb0139000-7f0cb0143000 rw-p 00000000 00:00 0 
7f0cb0143000-7f0cb01f9000 rw-p 00000000 00:00 0 
7f0cb01f9000-7f0cb0222000 r-xp 00000000 fd:00 1324598                    /usr/java/jdk1.7.0_67/jre/lib/amd64/libjava.so
7f0cb0222000-7f0cb0422000 ---p 00029000 fd:00 1324598                    /usr/java/jdk1.7.0_67/jre/lib/amd64/libjava.so
7f0cb0422000-7f0cb0424000 rw-p 00029000 fd:00 1324598                    /usr/java/jdk1.7.0_67/jre/lib/amd64/libjava.so
7f0cb0424000-7f0cb0431000 r-xp 00000000 fd:00 1324627                    /usr/java/jdk1.7.0_67/jre/lib/amd64/libverify.so
7f0cb0431000-7f0cb0630000 ---p 0000d000 fd:00 1324627                    /usr/java/jdk1.7.0_67/jre/lib/amd64/libverify.so
7f0cb0630000-7f0cb0632000 rw-p 0000c000 fd:00 1324627                    /usr/java/jdk1.7.0_67/jre/lib/amd64/libverify.so
7f0cb0632000-7f0cb0635000 ---p 00000000 00:00 0 
7f0cb0635000-7f0cb0733000 rw-p 00000000 00:00 0                          [stack:8678]
7f0cb0733000-7f0cb12a3000 r-xp 00000000 fd:00 1324632                    /usr/java/jdk1.7.0_67/jre/lib/amd64/server/libjvm.so
7f0cb12a3000-7f0cb14a2000 ---p 00b70000 fd:00 1324632                    /usr/java/jdk1.7.0_67/jre/lib/amd64/server/libjvm.so
7f0cb14a2000-7f0cb1567000 rw-p 00b6f000 fd:00 1324632                    /usr/java/jdk1.7.0_67/jre/lib/amd64/server/libjvm.so
7f0cb1567000-7f0cb15aa000 rw-p 00000000 00:00 0 
7f0cb15aa000-7f0cb15c0000 r-xp 00000000 fd:00 1450668                    /usr/java/jdk1.7.0_67/lib/amd64/jli/libjli.so
7f0cb15c0000-7f0cb17c0000 ---p 00016000 fd:00 1450668                    /usr/java/jdk1.7.0_67/lib/amd64/jli/libjli.so
7f0cb17c0000-7f0cb17c1000 rw-p 00016000 fd:00 1450668                    /usr/java/jdk1.7.0_67/lib/amd64/jli/libjli.so
7f0cb17c1000-7f0cb17c2000 rw-p 00000000 00:00 0 
7f0cb17d3000-7f0cb17d5000 rw-p 00000000 00:00 0 
7f0cb17d5000-7f0cb17dd000 rw-s 00000000 00:23 888536                     /tmp/hsperfdata_asabater/8676
7f0cb17dd000-7f0cb17de000 rw-p 00000000 00:00 0 
7f0cb17de000-7f0cb17df000 r--p 00000000 00:00 0 
7f0cb17df000-7f0cb17e0000 rw-p 00000000 00:00 0 
7fff64b09000-7fff64b2a000 rw-p 00000000 00:00 0                          [stack]
7fff64bda000-7fff64bdc000 r--p 00000000 00:00 0                          [vvar]
7fff64bdc000-7fff64bde000 r-xp 00000000 00:00 0                          [vdso]
ffffffffff600000-ffffffffff601000 r-xp 00000000 00:00 0                  [vsyscall]

VM Arguments:
jvm_args: -Dclassworlds.conf=/usr/local/netbeans-8.0.1/java/maven/bin/m2.conf -Dmaven.home=/usr/local/netbeans-8.0.1/java/maven -Xmx10g 
java_command: org.codehaus.plexus.classworlds.launcher.Launcher -Dmaven.ext.class.path=/usr/local/netbeans-8.0.1/java/maven-nblib/netbeans-eventspy.jar install
Launcher Type: SUN_STANDARD

Environment Variables:
JAVA_HOME=/usr/java/latest
_JAVA_OPTIONS=-Xmx10g
PATH=/home/asabater/Documents/Development/Storm/apache-storm-0.9.2-incubating/bin:/usr/java/default/bin:/home/asabater/.composer/vendor/bin:/usr/lib64/qt-3.3/bin:/usr/local/bin:/usr/bin:/bin:/usr/local/sbin:/usr/sbin:/home/asabater/.local/bin:/home/asabater/bin
USERNAME=asabater
LD_LIBRARY_PATH=/usr/java/latest/jre/lib/amd64:/usr/java/latest/jre/lib/i386:
SHELL=/bin/bash
DISPLAY=:0

Signal Handlers:
SIGSEGV: [libjvm.so+0x99f4a0], sa_mask[0]=0x7ffbfeff, sa_flags=0x10000004
SIGBUS: [libjvm.so+0x99f4a0], sa_mask[0]=0x7ffbfeff, sa_flags=0x10000004
SIGFPE: [libjvm.so+0x81a860], sa_mask[0]=0x7ffbfeff, sa_flags=0x10000004
SIGPIPE: [libjvm.so+0x81a860], sa_mask[0]=0x7ffbfeff, sa_flags=0x10000004
SIGXFSZ: [libjvm.so+0x81a860], sa_mask[0]=0x7ffbfeff, sa_flags=0x10000004
SIGILL: [libjvm.so+0x81a860], sa_mask[0]=0x7ffbfeff, sa_flags=0x10000004
SIGUSR1: SIG_DFL, sa_mask[0]=0x00000000, sa_flags=0x00000000
SIGUSR2: [libjvm.so+0x81c060], sa_mask[0]=0x00000004, sa_flags=0x10000004
SIGHUP: SIG_DFL, sa_mask[0]=0x00000000, sa_flags=0x00000000
SIGINT: SIG_IGN, sa_mask[0]=0x00000000, sa_flags=0x00000000
SIGTERM: SIG_DFL, sa_mask[0]=0x00000000, sa_flags=0x00000000
SIGQUIT: SIG_DFL, sa_mask[0]=0x00000000, sa_flags=0x00000000


---------------  S Y S T E M  ---------------

OS:Fedora release 20 (Heisenbug)

uname:Linux 3.17.3-200.fc20.x86_64 #1 SMP Fri Nov 14 19:45:42 UTC 2014 x86_64
libc:glibc 2.18 NPTL 2.18 
rlimit: STACK 8192k, CORE 0k, NPROC 1024, NOFILE 4096, AS infinity
load average:0.67 0.62 0.47

/proc/meminfo:
MemTotal:       16344180 kB
MemFree:         1093908 kB
MemAvailable:    6734884 kB
Buffers:          187804 kB
Cached:          5869120 kB
SwapCached:          256 kB
Active:         10301540 kB
Inactive:        3881276 kB
Active(anon):    7650588 kB
Inactive(anon):  1300124 kB
Active(file):    2650952 kB
Inactive(file):  2581152 kB
Unevictable:         128 kB
Mlocked:             128 kB
SwapTotal:       4079612 kB
SwapFree:        4049736 kB
Dirty:              2284 kB
Writeback:             0 kB
AnonPages:       8126312 kB
Mapped:          3135576 kB
Shmem:            824520 kB
Slab:             758740 kB
SReclaimable:     662276 kB
SUnreclaim:        96464 kB
KernelStack:       21920 kB
PageTables:       116688 kB
NFS_Unstable:          0 kB
Bounce:                0 kB
WritebackTmp:          0 kB
CommitLimit:    12251700 kB
Committed_AS:   21166032 kB
VmallocTotal:   34359738367 kB
VmallocUsed:      397568 kB
VmallocChunk:   34359297080 kB
HardwareCorrupted:     0 kB
AnonHugePages:         0 kB
HugePages_Total:       0
HugePages_Free:        0
HugePages_Rsvd:        0
HugePages_Surp:        0
Hugepagesize:       2048 kB
DirectMap4k:      106436 kB
DirectMap2M:     2949120 kB
DirectMap1G:    13631488 kB


CPU:total 4 (4 cores per cpu, 1 threads per core) family 6 model 60 stepping 3, cmov, cx8, fxsr, mmx, sse, sse2, sse3, ssse3, sse4.1, sse4.2, popcnt, avx, avx2, aes, erms, tsc, tscinvbit

/proc/cpuinfo:
processor	: 0
vendor_id	: GenuineIntel
cpu family	: 6
model		: 60
model name	: Intel(R) Core(TM) i5-4570 CPU @ 3.20GHz
stepping	: 3
microcode	: 0x12
cpu MHz		: 3499.750
cache size	: 6144 KB
physical id	: 0
siblings	: 4
core id		: 0
cpu cores	: 4
apicid		: 0
initial apicid	: 0
fpu		: yes
fpu_exception	: yes
cpuid level	: 13
wp		: yes
flags		: fpu vme de pse tsc msr pae mce cx8 apic sep mtrr pge mca cmov pat pse36 clflush dts acpi mmx fxsr sse sse2 ss ht tm pbe syscall nx pdpe1gb rdtscp lm constant_tsc arch_perfmon pebs bts rep_good nopl xtopology nonstop_tsc aperfmperf eagerfpu pni pclmulqdq dtes64 monitor ds_cpl vmx smx est tm2 ssse3 fma cx16 xtpr pdcm pcid sse4_1 sse4_2 x2apic movbe popcnt tsc_deadline_timer aes xsave avx f16c rdrand lahf_lm abm ida arat epb pln pts dtherm tpr_shadow vnmi flexpriority ept vpid fsgsbase tsc_adjust bmi1 hle avx2 smep bmi2 erms invpcid rtm xsaveopt
bugs		:
bogomips	: 6385.22
clflush size	: 64
cache_alignment	: 64
address sizes	: 39 bits physical, 48 bits virtual
power management:

processor	: 1
vendor_id	: GenuineIntel
cpu family	: 6
model		: 60
model name	: Intel(R) Core(TM) i5-4570 CPU @ 3.20GHz
stepping	: 3
microcode	: 0x12
cpu MHz		: 3449.750
cache size	: 6144 KB
physical id	: 0
siblings	: 4
core id		: 1
cpu cores	: 4
apicid		: 2
initial apicid	: 2
fpu		: yes
fpu_exception	: yes
cpuid level	: 13
wp		: yes
flags		: fpu vme de pse tsc msr pae mce cx8 apic sep mtrr pge mca cmov pat pse36 clflush dts acpi mmx fxsr sse sse2 ss ht tm pbe syscall nx pdpe1gb rdtscp lm constant_tsc arch_perfmon pebs bts rep_good nopl xtopology nonstop_tsc aperfmperf eagerfpu pni pclmulqdq dtes64 monitor ds_cpl vmx smx est tm2 ssse3 fma cx16 xtpr pdcm pcid sse4_1 sse4_2 x2apic movbe popcnt tsc_deadline_timer aes xsave avx f16c rdrand lahf_lm abm ida arat epb pln pts dtherm tpr_shadow vnmi flexpriority ept vpid fsgsbase tsc_adjust bmi1 hle avx2 smep bmi2 erms invpcid rtm xsaveopt
bugs		:
bogomips	: 6385.22
clflush size	: 64
cache_alignment	: 64
address sizes	: 39 bits physical, 48 bits virtual
power management:

processor	: 2
vendor_id	: GenuineIntel
cpu family	: 6
model		: 60
model name	: Intel(R) Core(TM) i5-4570 CPU @ 3.20GHz
stepping	: 3
microcode	: 0x12
cpu MHz		: 3476.625
cache size	: 6144 KB
physical id	: 0
siblings	: 4
core id		: 2
cpu cores	: 4
apicid		: 4
initial apicid	: 4
fpu		: yes
fpu_exception	: yes
cpuid level	: 13
wp		: yes
flags		: fpu vme de pse tsc msr pae mce cx8 apic sep mtrr pge mca cmov pat pse36 clflush dts acpi mmx fxsr sse sse2 ss ht tm pbe syscall nx pdpe1gb rdtscp lm constant_tsc arch_perfmon pebs bts rep_good nopl xtopology nonstop_tsc aperfmperf eagerfpu pni pclmulqdq dtes64 monitor ds_cpl vmx smx est tm2 ssse3 fma cx16 xtpr pdcm pcid sse4_1 sse4_2 x2apic movbe popcnt tsc_deadline_timer aes xsave avx f16c rdrand lahf_lm abm ida arat epb pln pts dtherm tpr_shadow vnmi flexpriority ept vpid fsgsbase tsc_adjust bmi1 hle avx2 smep bmi2 erms invpcid rtm xsaveopt
bugs		:
bogomips	: 6385.22
clflush size	: 64
cache_alignment	: 64
address sizes	: 39 bits physical, 48 bits virtual
power management:

processor	: 3
vendor_id	: GenuineIntel
cpu family	: 6
model		: 60
model name	: Intel(R) Core(TM) i5-4570 CPU @ 3.20GHz
stepping	: 3
microcode	: 0x12
cpu MHz		: 3463.875
cache size	: 6144 KB
physical id	: 0
siblings	: 4
core id		: 3
cpu cores	: 4
apicid		: 6
initial apicid	: 6
fpu		: yes
fpu_exception	: yes
cpuid level	: 13
wp		: yes
flags		: fpu vme de pse tsc msr pae mce cx8 apic sep mtrr pge mca cmov pat pse36 clflush dts acpi mmx fxsr sse sse2 ss ht tm pbe syscall nx pdpe1gb rdtscp lm constant_tsc arch_perfmon pebs bts rep_good nopl xtopology nonstop_tsc aperfmperf eagerfpu pni pclmulqdq dtes64 monitor ds_cpl vmx smx est tm2 ssse3 fma cx16 xtpr pdcm pcid sse4_1 sse4_2 x2apic movbe popcnt tsc_deadline_timer aes xsave avx f16c rdrand lahf_lm abm ida arat epb pln pts dtherm tpr_shadow vnmi flexpriority ept vpid fsgsbase tsc_adjust bmi1 hle avx2 smep bmi2 erms invpcid rtm xsaveopt
bugs		:
bogomips	: 6385.22
clflush size	: 64
cache_alignment	: 64
address sizes	: 39 bits physical, 48 bits virtual
power management:



Memory: 4k page, physical 16344180k(1093908k free), swap 4079612k(4049736k free)

vm_info: Java HotSpot(TM) 64-Bit Server VM (24.65-b04) for linux-amd64 JRE (1.7.0_67-b01), built on Jul 25 2014 09:20:21 by "java_re" with gcc 4.3.0 20080428 (Red Hat 4.3.0-8)

time: Tue Dec 16 16:54:03 2014
elapsed time: 0 seconds

